<?xml version="1.0" encoding="UTF-8"?>
<!-- Generated by org.testng.reporters.JUnitXMLReporter -->
<testsuite ignored="0" hostname="Anjali" failures="0" tests="9" name="Test" time="0.131" errors="0" timestamp="2022-11-19T17:08:40 IST">
  <testcase classname="practice.FirstTest" name="demo1Test" time="0.023"/>
  <testcase classname="practice.FirstTest" name="demo2Test" time="0.002"/>
  <testcase classname="practice.FirstTest" name="demo3Test" time="0.002"/>
  <testcase classname="practice.FirstTest" name="demo4Test" time="0.001"/>
  <testcase classname="practice.FirstTest" name="demo5Test" time="0.002"/>
  <testcase classname="practice.SecondTest" name="secondTest" time="0.002"/>
  <testcase classname="practice.FourthTest" name="fourthTest" time="0.002"/>
  <testcase classname="practice.ThirdTest" name="thirdTest" time="0.001"/>
  <testcase classname="practice.FifthTest" name="fifthTest" time="0.003"/>
</testsuite> <!-- Test -->
