<?xml version="1.0" encoding="UTF-8"?>
<testng-results ignored="0" total="9" passed="9" failed="0" skipped="0">
  <reporter-output>
  </reporter-output>
  <suite started-at="2022-11-19T17:08:40 IST" name="Suite" finished-at="2022-11-19T17:08:40 IST" duration-ms="131">
    <groups>
    </groups>
    <test started-at="2022-11-19T17:08:40 IST" name="Test" finished-at="2022-11-19T17:08:40 IST" duration-ms="131">
      <class name="practice.FifthTest">
        <test-method signature="fifthTest()[pri:0, instance:practice.FifthTest@3ee37e5a]" started-at="2022-11-19T17:08:40 IST" name="fifthTest" finished-at="2022-11-19T17:08:40 IST" duration-ms="3" status="PASS">
          <reporter-output>
          </reporter-output>
        </test-method> <!-- fifthTest -->
      </class> <!-- practice.FifthTest -->
      <class name="practice.SecondTest">
        <test-method signature="secondTest()[pri:0, instance:practice.SecondTest@434a63ab]" started-at="2022-11-19T17:08:40 IST" name="secondTest" finished-at="2022-11-19T17:08:40 IST" duration-ms="2" status="PASS">
          <reporter-output>
          </reporter-output>
        </test-method> <!-- secondTest -->
      </class> <!-- practice.SecondTest -->
      <class name="practice.ThirdTest">
        <test-method signature="thirdTest()[pri:0, instance:practice.ThirdTest@2805d709]" started-at="2022-11-19T17:08:40 IST" name="thirdTest" finished-at="2022-11-19T17:08:40 IST" duration-ms="1" status="PASS">
          <reporter-output>
          </reporter-output>
        </test-method> <!-- thirdTest -->
      </class> <!-- practice.ThirdTest -->
      <class name="practice.FourthTest">
        <test-method signature="fourthTest()[pri:0, instance:practice.FourthTest@6e0f5f7f]" started-at="2022-11-19T17:08:40 IST" name="fourthTest" finished-at="2022-11-19T17:08:40 IST" duration-ms="2" status="PASS">
          <reporter-output>
          </reporter-output>
        </test-method> <!-- fourthTest -->
      </class> <!-- practice.FourthTest -->
      <class name="practice.FirstTest">
        <test-method signature="demo1Test()[pri:0, instance:practice.FirstTest@52af26ee]" started-at="2022-11-19T17:08:40 IST" name="demo1Test" finished-at="2022-11-19T17:08:40 IST" duration-ms="23" status="PASS">
          <reporter-output>
          </reporter-output>
        </test-method> <!-- demo1Test -->
        <test-method signature="demo2Test()[pri:0, instance:practice.FirstTest@52af26ee]" started-at="2022-11-19T17:08:40 IST" name="demo2Test" finished-at="2022-11-19T17:08:40 IST" duration-ms="2" status="PASS">
          <reporter-output>
          </reporter-output>
        </test-method> <!-- demo2Test -->
        <test-method signature="demo3Test()[pri:0, instance:practice.FirstTest@52af26ee]" started-at="2022-11-19T17:08:40 IST" name="demo3Test" finished-at="2022-11-19T17:08:40 IST" duration-ms="2" status="PASS">
          <reporter-output>
          </reporter-output>
        </test-method> <!-- demo3Test -->
        <test-method signature="demo4Test()[pri:0, instance:practice.FirstTest@52af26ee]" started-at="2022-11-19T17:08:40 IST" name="demo4Test" finished-at="2022-11-19T17:08:40 IST" duration-ms="1" status="PASS">
          <reporter-output>
          </reporter-output>
        </test-method> <!-- demo4Test -->
        <test-method signature="demo5Test()[pri:0, instance:practice.FirstTest@52af26ee]" started-at="2022-11-19T17:08:40 IST" name="demo5Test" finished-at="2022-11-19T17:08:40 IST" duration-ms="2" status="PASS">
          <reporter-output>
          </reporter-output>
        </test-method> <!-- demo5Test -->
      </class> <!-- practice.FirstTest -->
    </test> <!-- Test -->
  </suite> <!-- Suite -->
</testng-results>
